# JRE version: Java(TM) SE Runtime Environment (8.0_181-b13) (build 1.8.0_181-b13)
# Java VM: Java HotSpot(TM) 64-Bit Server VM (25.181-b13 mixed mode linux-amd64 compressed oops)
Heap:
 PSYoungGen      total 134656K, used 5759K [0x00000000d7700000, 0x00000000e0a00000, 0x0000000100000000)
  eden space 121856K, 0% used [0x00000000d7700000,0x00000000d7700000,0x00000000dee00000)
  from space 12800K, 44% used [0x00000000dee00000,0x00000000df39fcb0,0x00000000dfa80000)
  to   space 9728K, 0% used [0x00000000dfa80000,0x00000000dfa80000,0x00000000e0400000)
 ParOldGen       total 64000K, used 17737K [0x0000000086400000, 0x000000008a280000, 0x00000000d7700000)
  object space 64000K, 27% used [0x0000000086400000,0x00000000875524b8,0x000000008a280000)
 Metaspace       used 25041K, capacity 25652K, committed 25984K, reserved 1073152K
  class space    used 2723K, capacity 2825K, committed 2944K, reserved 1048576K
GC Heap History (10 events):
Event: 2,286 GC heap after
Heap after GC invocations=3 (full 0):
 PSYoungGen      total 36352K, used 5098K [0x00000000d7700000, 0x00000000dbe00000, 0x0000000100000000)
  eden space 31232K, 0% used [0x00000000d7700000,0x00000000d7700000,0x00000000d9580000)
  from space 5120K, 99% used [0x00000000d9580000,0x00000000d9a7aa68,0x00000000d9a80000)
  to   space 5120K, 0% used [0x00000000db900000,0x00000000db900000,0x00000000dbe00000)
 ParOldGen       total 83456K, used 2625K [0x0000000086400000, 0x000000008b580000, 0x00000000d7700000)
  object space 83456K, 3% used [0x0000000086400000,0x00000000866904c0,0x000000008b580000)
 Metaspace       used 14918K, capacity 15108K, committed 15360K, reserved 1062912K
  class space    used 1853K, capacity 1934K, committed 2048K, reserved 1048576K
}
Event: 2,889 GC heap before
{Heap before GC invocations=4 (full 0):
 PSYoungGen      total 36352K, used 36330K [0x00000000d7700000, 0x00000000dbe00000, 0x0000000100000000)
  eden space 31232K, 100% used [0x00000000d7700000,0x00000000d9580000,0x00000000d9580000)
  from space 5120K, 99% used [0x00000000d9580000,0x00000000d9a7aa68,0x00000000d9a80000)
  to   space 5120K, 0% used [0x00000000db900000,0x00000000db900000,0x00000000dbe00000)
 ParOldGen       total 83456K, used 2625K [0x0000000086400000, 0x000000008b580000, 0x00000000d7700000)
  object space 83456K, 3% used [0x0000000086400000,0x00000000866904c0,0x000000008b580000)
 Metaspace       used 16525K, capacity 16752K, committed 17024K, reserved 1064960K
  class space    used 1999K, capacity 2070K, committed 2176K, reserved 1048576K
Event: 2,899 GC heap after
Heap after GC invocations=4 (full 0):
 PSYoungGen      total 67584K, used 5088K [0x00000000d7700000, 0x00000000dbe00000, 0x0000000100000000)
  eden space 62464K, 0% used [0x00000000d7700000,0x00000000d7700000,0x00000000db400000)
  from space 5120K, 99% used [0x00000000db900000,0x00000000dbdf8020,0x00000000dbe00000)
  to   space 5120K, 0% used [0x00000000db400000,0x00000000db400000,0x00000000db900000)
 ParOldGen       total 83456K, used 4733K [0x0000000086400000, 0x000000008b580000, 0x00000000d7700000)
  object space 83456K, 5% used [0x0000000086400000,0x000000008689f6a0,0x000000008b580000)
 Metaspace       used 16525K, capacity 16752K, committed 17024K, reserved 1064960K
  class space    used 1999K, capacity 2070K, committed 2176K, reserved 1048576K
}
Event: 4,054 GC heap before
{Heap before GC invocations=5 (full 0):
 PSYoungGen      total 67584K, used 67552K [0x00000000d7700000, 0x00000000dbe00000, 0x0000000100000000)
  eden space 62464K, 100% used [0x00000000d7700000,0x00000000db400000,0x00000000db400000)
  from space 5120K, 99% used [0x00000000db900000,0x00000000dbdf8020,0x00000000dbe00000)
  to   space 5120K, 0% used [0x00000000db400000,0x00000000db400000,0x00000000db900000)
 ParOldGen       total 83456K, used 4733K [0x0000000086400000, 0x000000008b580000, 0x00000000d7700000)
  object space 83456K, 5% used [0x0000000086400000,0x000000008689f6a0,0x000000008b580000)
 Metaspace       used 17868K, capacity 18346K, committed 18688K, reserved 1064960K
  class space    used 2120K, capacity 2228K, committed 2304K, reserved 1048576K
Event: 4,138 GC heap after
Heap after GC invocations=5 (full 0):
 PSYoungGen      total 67584K, used 5104K [0x00000000d7700000, 0x00000000e0400000, 0x0000000100000000)
  eden space 62464K, 0% used [0x00000000d7700000,0x00000000d7700000,0x00000000db400000)
  from space 5120K, 99% used [0x00000000db400000,0x00000000db8fc010,0x00000000db900000)
  to   space 9728K, 0% used [0x00000000dfa80000,0x00000000dfa80000,0x00000000e0400000)
 ParOldGen       total 83456K, used 8404K [0x0000000086400000, 0x000000008b580000, 0x00000000d7700000)
  object space 83456K, 10% used [0x0000000086400000,0x0000000086c353b0,0x000000008b580000)
 Metaspace       used 17868K, capacity 18346K, committed 18688K, reserved 1064960K
  class space    used 2120K, capacity 2228K, committed 2304K, reserved 1048576K
}
Event: 6,639 GC heap before
{Heap before GC invocations=6 (full 0):
 PSYoungGen      total 67584K, used 63093K [0x00000000d7700000, 0x00000000e0400000, 0x0000000100000000)
  eden space 62464K, 92% used [0x00000000d7700000,0x00000000dafa1590,0x00000000db400000)
  from space 5120K, 99% used [0x00000000db400000,0x00000000db8fc010,0x00000000db900000)
  to   space 9728K, 0% used [0x00000000dfa80000,0x00000000dfa80000,0x00000000e0400000)
 ParOldGen       total 83456K, used 8404K [0x0000000086400000, 0x000000008b580000, 0x00000000d7700000)
  object space 83456K, 10% used [0x0000000086400000,0x0000000086c353b0,0x000000008b580000)
 Metaspace       used 20628K, capacity 21202K, committed 21296K, reserved 1069056K
  class space    used 2327K, capacity 2431K, committed 2432K, reserved 1048576K
Event: 7,075 GC heap after
Heap after GC invocations=6 (full 0):
 PSYoungGen      total 131584K, used 9712K [0x00000000d7700000, 0x00000000e0a00000, 0x0000000100000000)
  eden space 121856K, 0% used [0x00000000d7700000,0x00000000d7700000,0x00000000dee00000)
  from space 9728K, 99% used [0x00000000dfa80000,0x00000000e03fc030,0x00000000e0400000)
  to   space 12800K, 0% used [0x00000000dee00000,0x00000000dee00000,0x00000000dfa80000)
 ParOldGen       total 83456K, used 11250K [0x0000000086400000, 0x000000008b580000, 0x00000000d7700000)
  object space 83456K, 13% used [0x0000000086400000,0x0000000086efcb08,0x000000008b580000)
 Metaspace       used 20628K, capacity 21202K, committed 21296K, reserved 1069056K
  class space    used 2327K, capacity 2431K, committed 2432K, reserved 1048576K
}
Event: 7,079 GC heap before
{Heap before GC invocations=7 (full 1):
 PSYoungGen      total 131584K, used 9712K [0x00000000d7700000, 0x00000000e0a00000, 0x0000000100000000)
  eden space 121856K, 0% used [0x00000000d7700000,0x00000000d7700000,0x00000000dee00000)
  from space 9728K, 99% used [0x00000000dfa80000,0x00000000e03fc030,0x00000000e0400000)
  to   space 12800K, 0% used [0x00000000dee00000,0x00000000dee00000,0x00000000dfa80000)
 ParOldGen       total 83456K, used 11250K [0x0000000086400000, 0x000000008b580000, 0x00000000d7700000)
  object space 83456K, 13% used [0x0000000086400000,0x0000000086efcb08,0x000000008b580000)
 Metaspace       used 20628K, capacity 21202K, committed 21296K, reserved 1069056K
  class space    used 2327K, capacity 2431K, committed 2432K, reserved 1048576K
Event: 7,215 GC heap after
Heap after GC invocations=7 (full 1):
 PSYoungGen      total 131584K, used 0K [0x00000000d7700000, 0x00000000e0a00000, 0x0000000100000000)
  eden space 121856K, 0% used [0x00000000d7700000,0x00000000d7700000,0x00000000dee00000)
  from space 9728K, 0% used [0x00000000dfa80000,0x00000000dfa80000,0x00000000e0400000)
  to   space 12800K, 0% used [0x00000000dee00000,0x00000000dee00000,0x00000000dfa80000)
 ParOldGen       total 64000K, used 17737K [0x0000000086400000, 0x000000008a280000, 0x00000000d7700000)
  object space 64000K, 27% used [0x0000000086400000,0x00000000875524b8,0x000000008a280000)
 Metaspace       used 20628K, capacity 21202K, committed 21296K, reserved 1069056K
  class space    used 2327K, capacity 2431K, committed 2432K, reserved 1048576K
}
Event: 172,164 GC heap before
{Heap before GC invocations=8 (full 1):
 PSYoungGen      total 131584K, used 76048K [0x00000000d7700000, 0x00000000e0a00000, 0x0000000100000000)
  eden space 121856K, 62% used [0x00000000d7700000,0x00000000dc144188,0x00000000dee00000)
  from space 9728K, 0% used [0x00000000dfa80000,0x00000000dfa80000,0x00000000e0400000)
  to   space 12800K, 0% used [0x00000000dee00000,0x00000000dee00000,0x00000000dfa80000)
 ParOldGen       total 64000K, used 17737K [0x0000000086400000, 0x000000008a280000, 0x00000000d7700000)
  object space 64000K, 27% used [0x0000000086400000,0x00000000875524b8,0x000000008a280000)
 Metaspace       used 25041K, capacity 25652K, committed 25984K, reserved 1073152K
  class space    used 2723K, capacity 2825K, committed 2944K, reserved 1048576K

